2024-05-09 12:11:19,881 - INFO - 192.168.43.170 - - [09/May/2024 12:11:19] "POST /input_airport_code HTTP/1.1" 200 -
2024-05-09 12:37:12,878 - INFO - [31m[1mWARNING: This is a development server. Do not use it in a production deployment. Use a production WSGI server instead.[0m
 * Running on all addresses (0.0.0.0)
 * Running on http://127.0.0.1:1145
 * Running on http://192.168.43.170:1145
2024-05-09 12:37:12,880 - INFO - [33mPress CTRL+C to quit[0m
2024-05-09 12:37:26,244 - INFO - 192.168.43.170 - - [09/May/2024 12:37:26] "GET / HTTP/1.1" 200 -
2024-05-09 12:37:26,327 - INFO - 192.168.43.170 - - [09/May/2024 12:37:26] "[36mGET /static/js/main.js HTTP/1.1[0m" 304 -
2024-05-09 12:37:30,597 - INFO - å¼€å§‹è·å–èˆªç­æ•°æ®
2024-05-09 12:37:30,597 - INFO - æ­£åœ¨å‘é€è¯·æ±‚
2024-05-09 12:37:32,268 - INFO - å¼€å§‹è·å–èˆªç­æ•°æ®
2024-05-09 12:37:32,268 - INFO - æ­£åœ¨å‘é€è¯·æ±‚
2024-05-09 12:37:33,782 - INFO - çŠ¶æ€ç : 200
2024-05-09 12:37:33,782 - INFO - è¯·æ±‚æˆåŠŸï¼Œæ­£åœ¨å†™å…¥å“åº”åˆ°æ–‡ä»¶
2024-05-09 12:37:33,784 - INFO - è¯·æ±‚ä¸‹ä¸€é¡µï¼Œç»§ç»­è·å–èˆªç­æ•°æ®
2024-05-09 12:37:33,784 - INFO - å¼€å§‹è·å–èˆªç­æ•°æ®
2024-05-09 12:37:33,784 - INFO - æ­£åœ¨å‘é€è¯·æ±‚
2024-05-09 12:37:34,480 - INFO - çŠ¶æ€ç : 200
2024-05-09 12:37:34,480 - INFO - è¯·æ±‚æˆåŠŸï¼Œæ­£åœ¨å†™å…¥å“åº”åˆ°æ–‡ä»¶
2024-05-09 12:37:34,482 - INFO - è¯·æ±‚ä¸‹ä¸€é¡µï¼Œç»§ç»­è·å–èˆªç­æ•°æ®
2024-05-09 12:37:34,482 - INFO - å¼€å§‹è·å–èˆªç­æ•°æ®
2024-05-09 12:37:34,482 - INFO - æ­£åœ¨å‘é€è¯·æ±‚
2024-05-09 12:37:35,636 - INFO - çŠ¶æ€ç : 200
2024-05-09 12:37:35,636 - INFO - è¯·æ±‚æˆåŠŸï¼Œæ­£åœ¨å†™å…¥å“åº”åˆ°æ–‡ä»¶
2024-05-09 12:37:35,639 - INFO - è¯·æ±‚ä¸‹ä¸€é¡µï¼Œç»§ç»­è·å–èˆªç­æ•°æ®
2024-05-09 12:37:35,639 - INFO - å¼€å§‹è·å–èˆªç­æ•°æ®
2024-05-09 12:37:35,639 - INFO - æ­£åœ¨å‘é€è¯·æ±‚
2024-05-09 12:37:36,327 - INFO - çŠ¶æ€ç : 200
2024-05-09 12:37:36,327 - INFO - è¯·æ±‚æˆåŠŸï¼Œæ­£åœ¨å†™å…¥å“åº”åˆ°æ–‡ä»¶
2024-05-09 12:37:36,330 - INFO - è¯·æ±‚ä¸‹ä¸€é¡µï¼Œç»§ç»­è·å–èˆªç­æ•°æ®
2024-05-09 12:37:36,330 - INFO - å¼€å§‹è·å–èˆªç­æ•°æ®
2024-05-09 12:37:36,330 - INFO - æ­£åœ¨å‘é€è¯·æ±‚
2024-05-09 12:37:37,429 - INFO - çŠ¶æ€ç : 200
2024-05-09 12:37:37,429 - INFO - è¯·æ±‚æˆåŠŸï¼Œæ­£åœ¨å†™å…¥å“åº”åˆ°æ–‡ä»¶
2024-05-09 12:37:37,431 - INFO - è¯·æ±‚ä¸‹ä¸€é¡µï¼Œç»§ç»­è·å–èˆªç­æ•°æ®
2024-05-09 12:37:37,431 - INFO - å¼€å§‹è·å–èˆªç­æ•°æ®
2024-05-09 12:37:37,431 - INFO - æ­£åœ¨å‘é€è¯·æ±‚
2024-05-09 12:37:37,530 - INFO - çŠ¶æ€ç : 200
2024-05-09 12:37:37,530 - INFO - è¯·æ±‚æˆåŠŸï¼Œæ­£åœ¨å†™å…¥å“åº”åˆ°æ–‡ä»¶
2024-05-09 12:37:37,532 - INFO - è¯·æ±‚ä¸‹ä¸€é¡µï¼Œç»§ç»­è·å–èˆªç­æ•°æ®
2024-05-09 12:37:37,533 - INFO - å¼€å§‹è·å–èˆªç­æ•°æ®
2024-05-09 12:37:37,533 - INFO - æ­£åœ¨å‘é€è¯·æ±‚
2024-05-09 12:37:39,299 - INFO - çŠ¶æ€ç : 200
2024-05-09 12:37:39,299 - INFO - è¯·æ±‚æˆåŠŸï¼Œæ­£åœ¨å†™å…¥å“åº”åˆ°æ–‡ä»¶
2024-05-09 12:37:39,301 - INFO - è¯·æ±‚ä¸‹ä¸€é¡µï¼Œç»§ç»­è·å–èˆªç­æ•°æ®
2024-05-09 12:37:39,302 - INFO - å¼€å§‹è·å–èˆªç­æ•°æ®
2024-05-09 12:37:39,302 - INFO - æ­£åœ¨å‘é€è¯·æ±‚
2024-05-09 12:37:39,389 - INFO - çŠ¶æ€ç : 200
2024-05-09 12:37:39,389 - INFO - è¯·æ±‚æˆåŠŸï¼Œæ­£åœ¨å†™å…¥å“åº”åˆ°æ–‡ä»¶
2024-05-09 12:37:39,392 - INFO - è¯·æ±‚ä¸‹ä¸€é¡µï¼Œç»§ç»­è·å–èˆªç­æ•°æ®
2024-05-09 12:37:39,392 - INFO - å¼€å§‹è·å–èˆªç­æ•°æ®
2024-05-09 12:37:39,392 - INFO - æ­£åœ¨å‘é€è¯·æ±‚
2024-05-09 12:37:41,149 - INFO - çŠ¶æ€ç : 200
2024-05-09 12:37:41,149 - INFO - è¯·æ±‚æˆåŠŸï¼Œæ­£åœ¨å†™å…¥å“åº”åˆ°æ–‡ä»¶
2024-05-09 12:37:41,171 - INFO - å†™å…¥å®Œæˆï¼Œç»“æŸè·å–èˆªç­æ•°æ®
2024-05-09 12:37:41,269 - INFO - çŠ¶æ€ç : 200
2024-05-09 12:37:41,274 - INFO - è¯·æ±‚æˆåŠŸï¼Œæ­£åœ¨å†™å…¥å“åº”åˆ°æ–‡ä»¶
2024-05-09 12:37:41,282 - INFO - å†™å…¥å®Œæˆï¼Œç»“æŸè·å–èˆªç­æ•°æ®
2024-05-09 12:37:42,113 - INFO - å¼€å§‹è·å–èˆªç­æ•°æ®
2024-05-09 12:37:42,113 - INFO - æ­£åœ¨å‘é€è¯·æ±‚
2024-05-09 12:37:42,244 - INFO - å¼€å§‹è·å–èˆªç­æ•°æ®
2024-05-09 12:37:42,244 - INFO - æ­£åœ¨å‘é€è¯·æ±‚
2024-05-09 12:37:43,988 - INFO - çŠ¶æ€ç : 200
2024-05-09 12:37:43,988 - INFO - è¯·æ±‚æˆåŠŸï¼Œæ­£åœ¨å†™å…¥å“åº”åˆ°æ–‡ä»¶
2024-05-09 12:37:43,990 - INFO - è¯·æ±‚ä¸‹ä¸€é¡µï¼Œç»§ç»­è·å–èˆªç­æ•°æ®
2024-05-09 12:37:43,991 - INFO - å¼€å§‹è·å–èˆªç­æ•°æ®
2024-05-09 12:37:43,991 - INFO - æ­£åœ¨å‘é€è¯·æ±‚
2024-05-09 12:37:44,191 - INFO - çŠ¶æ€ç : 200
2024-05-09 12:37:44,191 - INFO - è¯·æ±‚æˆåŠŸï¼Œæ­£åœ¨å†™å…¥å“åº”åˆ°æ–‡ä»¶
2024-05-09 12:37:44,194 - INFO - è¯·æ±‚ä¸‹ä¸€é¡µï¼Œç»§ç»­è·å–èˆªç­æ•°æ®
2024-05-09 12:37:44,194 - INFO - å¼€å§‹è·å–èˆªç­æ•°æ®
2024-05-09 12:37:44,194 - INFO - æ­£åœ¨å‘é€è¯·æ±‚
2024-05-09 12:37:45,813 - INFO - çŠ¶æ€ç : 200
2024-05-09 12:37:45,813 - INFO - è¯·æ±‚æˆåŠŸï¼Œæ­£åœ¨å†™å…¥å“åº”åˆ°æ–‡ä»¶
2024-05-09 12:37:45,814 - INFO - è¯·æ±‚ä¸‹ä¸€é¡µï¼Œç»§ç»­è·å–èˆªç­æ•°æ®
2024-05-09 12:37:45,815 - INFO - å¼€å§‹è·å–èˆªç­æ•°æ®
2024-05-09 12:37:45,815 - INFO - æ­£åœ¨å‘é€è¯·æ±‚
2024-05-09 12:37:45,988 - INFO - çŠ¶æ€ç : 200
2024-05-09 12:37:45,988 - INFO - è¯·æ±‚æˆåŠŸï¼Œæ­£åœ¨å†™å…¥å“åº”åˆ°æ–‡ä»¶
2024-05-09 12:37:45,989 - INFO - è¯·æ±‚ä¸‹ä¸€é¡µï¼Œç»§ç»­è·å–èˆªç­æ•°æ®
2024-05-09 12:37:45,989 - INFO - å¼€å§‹è·å–èˆªç­æ•°æ®
2024-05-09 12:37:45,989 - INFO - æ­£åœ¨å‘é€è¯·æ±‚
2024-05-09 12:37:46,803 - INFO - çŠ¶æ€ç : 200
2024-05-09 12:37:46,803 - INFO - è¯·æ±‚æˆåŠŸï¼Œæ­£åœ¨å†™å…¥å“åº”åˆ°æ–‡ä»¶
2024-05-09 12:37:46,805 - INFO - è¯·æ±‚ä¸‹ä¸€é¡µï¼Œç»§ç»­è·å–èˆªç­æ•°æ®
2024-05-09 12:37:46,805 - INFO - å¼€å§‹è·å–èˆªç­æ•°æ®
2024-05-09 12:37:46,805 - INFO - æ­£åœ¨å‘é€è¯·æ±‚
2024-05-09 12:37:47,090 - INFO - çŠ¶æ€ç : 200
2024-05-09 12:37:47,090 - INFO - è¯·æ±‚æˆåŠŸï¼Œæ­£åœ¨å†™å…¥å“åº”åˆ°æ–‡ä»¶
2024-05-09 12:37:47,092 - INFO - è¯·æ±‚ä¸‹ä¸€é¡µï¼Œç»§ç»­è·å–èˆªç­æ•°æ®
2024-05-09 12:37:47,092 - INFO - å¼€å§‹è·å–èˆªç­æ•°æ®
2024-05-09 12:37:47,092 - INFO - æ­£åœ¨å‘é€è¯·æ±‚
2024-05-09 12:37:47,848 - INFO - çŠ¶æ€ç : 200
2024-05-09 12:37:47,848 - INFO - è¯·æ±‚æˆåŠŸï¼Œæ­£åœ¨å†™å…¥å“åº”åˆ°æ–‡ä»¶
2024-05-09 12:37:47,849 - INFO - è¯·æ±‚ä¸‹ä¸€é¡µï¼Œç»§ç»­è·å–èˆªç­æ•°æ®
2024-05-09 12:37:47,850 - INFO - å¼€å§‹è·å–èˆªç­æ•°æ®
2024-05-09 12:37:47,850 - INFO - æ­£åœ¨å‘é€è¯·æ±‚
2024-05-09 12:37:48,172 - INFO - çŠ¶æ€ç : 200
2024-05-09 12:37:48,172 - INFO - è¯·æ±‚æˆåŠŸï¼Œæ­£åœ¨å†™å…¥å“åº”åˆ°æ–‡ä»¶
2024-05-09 12:37:48,174 - INFO - è¯·æ±‚ä¸‹ä¸€é¡µï¼Œç»§ç»­è·å–èˆªç­æ•°æ®
2024-05-09 12:37:48,174 - INFO - å¼€å§‹è·å–èˆªç­æ•°æ®
2024-05-09 12:37:48,174 - INFO - æ­£åœ¨å‘é€è¯·æ±‚
2024-05-09 12:37:48,875 - INFO - çŠ¶æ€ç : 200
2024-05-09 12:37:48,875 - INFO - è¯·æ±‚æˆåŠŸï¼Œæ­£åœ¨å†™å…¥å“åº”åˆ°æ–‡ä»¶
2024-05-09 12:37:48,876 - INFO - å†™å…¥å®Œæˆï¼Œç»“æŸè·å–èˆªç­æ•°æ®
2024-05-09 12:37:49,386 - ERROR - Exception on /input_airport_code [POST]
Traceback (most recent call last):
  File "C:\Users\EddieChen\AppData\Local\Programs\Python\Python311\Lib\site-packages\flask\app.py", line 1463, in wsgi_app
    response = self.full_dispatch_request()
               ^^^^^^^^^^^^^^^^^^^^^^^^^^^^
  File "C:\Users\EddieChen\AppData\Local\Programs\Python\Python311\Lib\site-packages\flask\app.py", line 872, in full_dispatch_request
    rv = self.handle_user_exception(e)
         ^^^^^^^^^^^^^^^^^^^^^^^^^^^^^
  File "C:\Users\EddieChen\AppData\Local\Programs\Python\Python311\Lib\site-packages\flask\app.py", line 870, in full_dispatch_request
    rv = self.dispatch_request()
         ^^^^^^^^^^^^^^^^^^^^^^^
  File "C:\Users\EddieChen\AppData\Local\Programs\Python\Python311\Lib\site-packages\flask\app.py", line 855, in dispatch_request
    return self.ensure_sync(self.view_functions[rule.endpoint])(**view_args)  # type: ignore[no-any-return]
           ^^^^^^^^^^^^^^^^^^^^^^^^^^^^^^^^^^^^^^^^^^^^^^^^^^^^^^^^^^^^^^^^^
  File "C:\Users\EddieChen\Documents\works\clear workspace\FR24\fr24_getser.py", line 55, in input_airport_code
    return get_flights(airport_code,output_filename)
           ^^^^^^^^^^^^^^^^^^^^^^^^^^^^^^^^^^^^^^^^^
  File "C:\Users\EddieChen\Documents\works\clear workspace\FR24\fr24_getser.py", line 66, in get_flights
    flights_list = frpc.run(apcode, data_mode, jet_type, output_filename)
                   ^^^^^^^^^^^^^^^^^^^^^^^^^^^^^^^^^^^^^^^^^^^^^^^^^^^^^^
  File "C:\Users\EddieChen\Documents\works\clear workspace\FR24\fr24çˆ¬è™«test.py", line 164, in run
    extract_departure_aircraft_type(f'{file_path}\\datas\\{airport_code}\\{airport_code}_departures_flights.json', workbook, jet_type)
  File "C:\Users\EddieChen\Documents\works\clear workspace\FR24\fr24çˆ¬è™«test.py", line 64, in extract_departure_aircraft_type
    all_flights = json.load(f)
                  ^^^^^^^^^^^^
  File "C:\Users\EddieChen\AppData\Local\Programs\Python\Python311\Lib\json\__init__.py", line 293, in load
    return loads(fp.read(),
           ^^^^^^^^^^^^^^^^
  File "C:\Users\EddieChen\AppData\Local\Programs\Python\Python311\Lib\json\__init__.py", line 346, in loads
    return _default_decoder.decode(s)
           ^^^^^^^^^^^^^^^^^^^^^^^^^^
  File "C:\Users\EddieChen\AppData\Local\Programs\Python\Python311\Lib\json\decoder.py", line 337, in decode
    obj, end = self.raw_decode(s, idx=_w(s, 0).end())
               ^^^^^^^^^^^^^^^^^^^^^^^^^^^^^^^^^^^^^^
  File "C:\Users\EddieChen\AppData\Local\Programs\Python\Python311\Lib\json\decoder.py", line 355, in raw_decode
    raise JSONDecodeError("Expecting value", s, err.value) from None
json.decoder.JSONDecodeError: Expecting value: line 2 column 17 (char 17)
2024-05-09 12:37:49,414 - INFO - 192.168.43.170 - - [09/May/2024 12:37:49] "[35m[1mPOST /input_airport_code HTTP/1.1[0m" 500 -
2024-05-09 12:37:49,968 - INFO - çŠ¶æ€ç : 200
2024-05-09 12:37:49,968 - INFO - è¯·æ±‚æˆåŠŸï¼Œæ­£åœ¨å†™å…¥å“åº”åˆ°æ–‡ä»¶
2024-05-09 12:37:49,969 - INFO - å†™å…¥å®Œæˆï¼Œç»“æŸè·å–èˆªç­æ•°æ®
2024-05-09 12:37:50,476 - ERROR - Exception on /input_airport_code [POST]
Traceback (most recent call last):
  File "C:\Users\EddieChen\AppData\Local\Programs\Python\Python311\Lib\site-packages\flask\app.py", line 1463, in wsgi_app
    response = self.full_dispatch_request()
               ^^^^^^^^^^^^^^^^^^^^^^^^^^^^
  File "C:\Users\EddieChen\AppData\Local\Programs\Python\Python311\Lib\site-packages\flask\app.py", line 872, in full_dispatch_request
    rv = self.handle_user_exception(e)
         ^^^^^^^^^^^^^^^^^^^^^^^^^^^^^
  File "C:\Users\EddieChen\AppData\Local\Programs\Python\Python311\Lib\site-packages\flask\app.py", line 870, in full_dispatch_request
    rv = self.dispatch_request()
         ^^^^^^^^^^^^^^^^^^^^^^^
  File "C:\Users\EddieChen\AppData\Local\Programs\Python\Python311\Lib\site-packages\flask\app.py", line 855, in dispatch_request
    return self.ensure_sync(self.view_functions[rule.endpoint])(**view_args)  # type: ignore[no-any-return]
           ^^^^^^^^^^^^^^^^^^^^^^^^^^^^^^^^^^^^^^^^^^^^^^^^^^^^^^^^^^^^^^^^^
  File "C:\Users\EddieChen\Documents\works\clear workspace\FR24\fr24_getser.py", line 55, in input_airport_code
    return get_flights(airport_code,output_filename)
           ^^^^^^^^^^^^^^^^^^^^^^^^^^^^^^^^^^^^^^^^^
  File "C:\Users\EddieChen\Documents\works\clear workspace\FR24\fr24_getser.py", line 66, in get_flights
    flights_list = frpc.run(apcode, data_mode, jet_type, output_filename)
                   ^^^^^^^^^^^^^^^^^^^^^^^^^^^^^^^^^^^^^^^^^^^^^^^^^^^^^^
  File "C:\Users\EddieChen\Documents\works\clear workspace\FR24\fr24çˆ¬è™«test.py", line 164, in run
    extract_departure_aircraft_type(f'{file_path}\\datas\\{airport_code}\\{airport_code}_departures_flights.json', workbook, jet_type)
  File "C:\Users\EddieChen\Documents\works\clear workspace\FR24\fr24çˆ¬è™«test.py", line 64, in extract_departure_aircraft_type
    all_flights = json.load(f)
                  ^^^^^^^^^^^^
  File "C:\Users\EddieChen\AppData\Local\Programs\Python\Python311\Lib\json\__init__.py", line 293, in load
    return loads(fp.read(),
           ^^^^^^^^^^^^^^^^
  File "C:\Users\EddieChen\AppData\Local\Programs\Python\Python311\Lib\json\__init__.py", line 346, in loads
    return _default_decoder.decode(s)
           ^^^^^^^^^^^^^^^^^^^^^^^^^^
  File "C:\Users\EddieChen\AppData\Local\Programs\Python\Python311\Lib\json\decoder.py", line 337, in decode
    obj, end = self.raw_decode(s, idx=_w(s, 0).end())
               ^^^^^^^^^^^^^^^^^^^^^^^^^^^^^^^^^^^^^^
  File "C:\Users\EddieChen\AppData\Local\Programs\Python\Python311\Lib\json\decoder.py", line 355, in raw_decode
    raise JSONDecodeError("Expecting value", s, err.value) from None
json.decoder.JSONDecodeError: Expecting value: line 2 column 17 (char 17)
2024-05-09 12:37:50,478 - INFO - 192.168.43.170 - - [09/May/2024 12:37:50] "[35m[1mPOST /input_airport_code HTTP/1.1[0m" 500 -
2024-05-09 13:05:13,811 - INFO - [31m[1mWARNING: This is a development server. Do not use it in a production deployment. Use a production WSGI server instead.[0m
 * Running on all addresses (0.0.0.0)
 * Running on http://127.0.0.1:1145
 * Running on http://192.168.43.170:1145
2024-05-09 13:05:13,812 - INFO - [33mPress CTRL+C to quit[0m
2024-05-09 13:05:25,979 - INFO - å¼€å§‹è·å–èˆªç­æ•°æ®
2024-05-09 13:05:25,979 - INFO - æ­£åœ¨å‘é€è¯·æ±‚
2024-05-09 13:05:27,135 - INFO - çŠ¶æ€ç : 200
2024-05-09 13:05:27,136 - INFO - è¯·æ±‚æˆåŠŸï¼Œæ­£åœ¨å†™å…¥å“åº”åˆ°æ–‡ä»¶
2024-05-09 13:05:27,140 - INFO - è¯·æ±‚ä¸‹ä¸€é¡µï¼Œç»§ç»­è·å–èˆªç­æ•°æ®
2024-05-09 13:05:27,140 - INFO - å¼€å§‹è·å–èˆªç­æ•°æ®
2024-05-09 13:05:27,141 - INFO - æ­£åœ¨å‘é€è¯·æ±‚
2024-05-09 13:05:29,062 - INFO - çŠ¶æ€ç : 200
2024-05-09 13:05:29,062 - INFO - è¯·æ±‚æˆåŠŸï¼Œæ­£åœ¨å†™å…¥å“åº”åˆ°æ–‡ä»¶
2024-05-09 13:05:29,064 - INFO - è¯·æ±‚ä¸‹ä¸€é¡µï¼Œç»§ç»­è·å–èˆªç­æ•°æ®
2024-05-09 13:05:29,064 - INFO - å¼€å§‹è·å–èˆªç­æ•°æ®
2024-05-09 13:05:29,064 - INFO - æ­£åœ¨å‘é€è¯·æ±‚
2024-05-09 13:05:30,968 - INFO - çŠ¶æ€ç : 200
2024-05-09 13:05:30,969 - INFO - è¯·æ±‚æˆåŠŸï¼Œæ­£åœ¨å†™å…¥å“åº”åˆ°æ–‡ä»¶
2024-05-09 13:05:30,970 - INFO - è¯·æ±‚ä¸‹ä¸€é¡µï¼Œç»§ç»­è·å–èˆªç­æ•°æ®
2024-05-09 13:05:30,971 - INFO - å¼€å§‹è·å–èˆªç­æ•°æ®
2024-05-09 13:05:30,971 - INFO - æ­£åœ¨å‘é€è¯·æ±‚
2024-05-09 13:05:32,080 - INFO - çŠ¶æ€ç : 200
2024-05-09 13:05:32,081 - INFO - è¯·æ±‚æˆåŠŸï¼Œæ­£åœ¨å†™å…¥å“åº”åˆ°æ–‡ä»¶
2024-05-09 13:05:32,083 - INFO - è¯·æ±‚ä¸‹ä¸€é¡µï¼Œç»§ç»­è·å–èˆªç­æ•°æ®
2024-05-09 13:05:32,083 - INFO - å¼€å§‹è·å–èˆªç­æ•°æ®
2024-05-09 13:05:32,083 - INFO - æ­£åœ¨å‘é€è¯·æ±‚
2024-05-09 13:05:33,100 - INFO - çŠ¶æ€ç : 200
2024-05-09 13:05:33,100 - INFO - è¯·æ±‚æˆåŠŸï¼Œæ­£åœ¨å†™å…¥å“åº”åˆ°æ–‡ä»¶
2024-05-09 13:05:33,101 - INFO - å†™å…¥å®Œæˆï¼Œç»“æŸè·å–èˆªç­æ•°æ®
2024-05-09 13:05:33,829 - INFO - å¼€å§‹è·å–èˆªç­æ•°æ®
2024-05-09 13:05:33,829 - INFO - æ­£åœ¨å‘é€è¯·æ±‚
2024-05-09 13:05:35,705 - INFO - çŠ¶æ€ç : 200
2024-05-09 13:05:35,705 - INFO - è¯·æ±‚æˆåŠŸï¼Œæ­£åœ¨å†™å…¥å“åº”åˆ°æ–‡ä»¶
2024-05-09 13:05:35,707 - INFO - è¯·æ±‚ä¸‹ä¸€é¡µï¼Œç»§ç»­è·å–èˆªç­æ•°æ®
2024-05-09 13:05:35,707 - INFO - å¼€å§‹è·å–èˆªç­æ•°æ®
2024-05-09 13:05:35,707 - INFO - æ­£åœ¨å‘é€è¯·æ±‚
2024-05-09 13:05:37,580 - INFO - çŠ¶æ€ç : 200
2024-05-09 13:05:37,580 - INFO - è¯·æ±‚æˆåŠŸï¼Œæ­£åœ¨å†™å…¥å“åº”åˆ°æ–‡ä»¶
2024-05-09 13:05:37,582 - INFO - è¯·æ±‚ä¸‹ä¸€é¡µï¼Œç»§ç»­è·å–èˆªç­æ•°æ®
2024-05-09 13:05:37,582 - INFO - å¼€å§‹è·å–èˆªç­æ•°æ®
2024-05-09 13:05:37,582 - INFO - æ­£åœ¨å‘é€è¯·æ±‚
2024-05-09 13:05:39,576 - INFO - çŠ¶æ€ç : 200
2024-05-09 13:05:39,576 - INFO - è¯·æ±‚æˆåŠŸï¼Œæ­£åœ¨å†™å…¥å“åº”åˆ°æ–‡ä»¶
2024-05-09 13:05:39,577 - INFO - è¯·æ±‚ä¸‹ä¸€é¡µï¼Œç»§ç»­è·å–èˆªç­æ•°æ®
2024-05-09 13:05:39,577 - INFO - å¼€å§‹è·å–èˆªç­æ•°æ®
2024-05-09 13:05:39,577 - INFO - æ­£åœ¨å‘é€è¯·æ±‚
2024-05-09 13:05:41,473 - INFO - çŠ¶æ€ç : 200
2024-05-09 13:05:41,473 - INFO - è¯·æ±‚æˆåŠŸï¼Œæ­£åœ¨å†™å…¥å“åº”åˆ°æ–‡ä»¶
2024-05-09 13:05:41,475 - INFO - è¯·æ±‚ä¸‹ä¸€é¡µï¼Œç»§ç»­è·å–èˆªç­æ•°æ®
2024-05-09 13:05:41,476 - INFO - å¼€å§‹è·å–èˆªç­æ•°æ®
2024-05-09 13:05:41,476 - INFO - æ­£åœ¨å‘é€è¯·æ±‚
2024-05-09 13:05:43,479 - INFO - çŠ¶æ€ç : 200
2024-05-09 13:05:43,479 - INFO - è¯·æ±‚æˆåŠŸï¼Œæ­£åœ¨å†™å…¥å“åº”åˆ°æ–‡ä»¶
2024-05-09 13:05:43,504 - INFO - å†™å…¥å®Œæˆï¼Œç»“æŸè·å–èˆªç­æ•°æ®
2024-05-09 13:05:44,002 - ERROR - Exception on /input_airport_code [POST]
Traceback (most recent call last):
  File "C:\Users\EddieChen\AppData\Local\Programs\Python\Python311\Lib\site-packages\flask\app.py", line 1463, in wsgi_app
    response = self.full_dispatch_request()
               ^^^^^^^^^^^^^^^^^^^^^^^^^^^^
  File "C:\Users\EddieChen\AppData\Local\Programs\Python\Python311\Lib\site-packages\flask\app.py", line 872, in full_dispatch_request
    rv = self.handle_user_exception(e)
         ^^^^^^^^^^^^^^^^^^^^^^^^^^^^^
  File "C:\Users\EddieChen\AppData\Local\Programs\Python\Python311\Lib\site-packages\flask\app.py", line 870, in full_dispatch_request
    rv = self.dispatch_request()
         ^^^^^^^^^^^^^^^^^^^^^^^
  File "C:\Users\EddieChen\AppData\Local\Programs\Python\Python311\Lib\site-packages\flask\app.py", line 855, in dispatch_request
    return self.ensure_sync(self.view_functions[rule.endpoint])(**view_args)  # type: ignore[no-any-return]
           ^^^^^^^^^^^^^^^^^^^^^^^^^^^^^^^^^^^^^^^^^^^^^^^^^^^^^^^^^^^^^^^^^
  File "C:\Users\EddieChen\Documents\works\clear workspace\FR24\fr24_getser.py", line 55, in input_airport_code
    return get_flights(airport_code,output_filename)
           ^^^^^^^^^^^^^^^^^^^^^^^^^^^^^^^^^^^^^^^^^
  File "C:\Users\EddieChen\Documents\works\clear workspace\FR24\fr24_getser.py", line 67, in get_flights
    flights_list = frpc.run(apcode, data_mode, jet_type, output_filename,ip_address)
                   ^^^^^^^^^^^^^^^^^^^^^^^^^^^^^^^^^^^^^^^^^^^^^^^^^^^^^^^^^^^^^^^^^
  File "C:\Users\EddieChen\Documents\works\clear workspace\FR24\fr24çˆ¬è™«test.py", line 164, in run
    extract_departure_aircraft_type(f'{output_path}\\{airport_code}_departures_flights.json', workbook, jet_type)
  File "C:\Users\EddieChen\Documents\works\clear workspace\FR24\fr24çˆ¬è™«test.py", line 63, in extract_departure_aircraft_type
    with open(filename, 'r') as f:
         ^^^^^^^^^^^^^^^^^^^
FileNotFoundError: [Errno 2] No such file or directory: 'C:\\Users\\EddieChen\\Documents\\works\\clear workspace\\FR24\\datas\\temp\\192.168.43.170\\XMN\\XMN_departures_flights.json'
2024-05-09 13:05:44,006 - INFO - 192.168.43.170 - - [09/May/2024 13:05:44] "[35m[1mPOST /input_airport_code HTTP/1.1[0m" 500 -
2024-05-09 13:15:08,177 - INFO - [31m[1mWARNING: This is a development server. Do not use it in a production deployment. Use a production WSGI server instead.[0m
 * Running on all addresses (0.0.0.0)
 * Running on http://127.0.0.1:1145
 * Running on http://192.168.43.170:1145
2024-05-09 13:15:08,177 - INFO - [33mPress CTRL+C to quit[0m
2024-05-09 13:15:09,799 - INFO - 192.168.43.170 - - [09/May/2024 13:15:09] "GET / HTTP/1.1" 200 -
2024-05-09 13:15:10,065 - INFO - 192.168.43.170 - - [09/May/2024 13:15:10] "[36mGET /static/js/main.js HTTP/1.1[0m" 304 -
2024-05-09 13:15:13,275 - INFO - å¼€å§‹è·å–èˆªç­æ•°æ®
2024-05-09 13:15:13,275 - INFO - æ­£åœ¨å‘é€è¯·æ±‚
2024-05-09 13:15:14,363 - INFO - çŠ¶æ€ç : 200
2024-05-09 13:15:14,363 - INFO - è¯·æ±‚æˆåŠŸï¼Œæ­£åœ¨å†™å…¥å“åº”åˆ°æ–‡ä»¶
2024-05-09 13:15:14,365 - INFO - è¯·æ±‚ä¸‹ä¸€é¡µï¼Œç»§ç»­è·å–èˆªç­æ•°æ®
2024-05-09 13:15:14,365 - INFO - å¼€å§‹è·å–èˆªç­æ•°æ®
2024-05-09 13:15:14,365 - INFO - æ­£åœ¨å‘é€è¯·æ±‚
2024-05-09 13:15:15,383 - INFO - çŠ¶æ€ç : 200
2024-05-09 13:15:15,383 - INFO - è¯·æ±‚æˆåŠŸï¼Œæ­£åœ¨å†™å…¥å“åº”åˆ°æ–‡ä»¶
2024-05-09 13:15:15,385 - INFO - è¯·æ±‚ä¸‹ä¸€é¡µï¼Œç»§ç»­è·å–èˆªç­æ•°æ®
2024-05-09 13:15:15,385 - INFO - å¼€å§‹è·å–èˆªç­æ•°æ®
2024-05-09 13:15:15,385 - INFO - æ­£åœ¨å‘é€è¯·æ±‚
2024-05-09 13:15:16,363 - INFO - çŠ¶æ€ç : 200
2024-05-09 13:15:16,363 - INFO - è¯·æ±‚æˆåŠŸï¼Œæ­£åœ¨å†™å…¥å“åº”åˆ°æ–‡ä»¶
2024-05-09 13:15:16,365 - INFO - è¯·æ±‚ä¸‹ä¸€é¡µï¼Œç»§ç»­è·å–èˆªç­æ•°æ®
2024-05-09 13:15:16,366 - INFO - å¼€å§‹è·å–èˆªç­æ•°æ®
2024-05-09 13:15:16,366 - INFO - æ­£åœ¨å‘é€è¯·æ±‚
2024-05-09 13:15:19,369 - INFO - çŠ¶æ€ç : 200
2024-05-09 13:15:19,369 - INFO - è¯·æ±‚æˆåŠŸï¼Œæ­£åœ¨å†™å…¥å“åº”åˆ°æ–‡ä»¶
2024-05-09 13:15:19,371 - INFO - è¯·æ±‚ä¸‹ä¸€é¡µï¼Œç»§ç»­è·å–èˆªç­æ•°æ®
2024-05-09 13:15:19,371 - INFO - å¼€å§‹è·å–èˆªç­æ•°æ®
2024-05-09 13:15:19,371 - INFO - æ­£åœ¨å‘é€è¯·æ±‚
2024-05-09 13:15:20,402 - INFO - çŠ¶æ€ç : 200
2024-05-09 13:15:20,402 - INFO - è¯·æ±‚æˆåŠŸï¼Œæ­£åœ¨å†™å…¥å“åº”åˆ°æ–‡ä»¶
2024-05-09 13:15:20,402 - INFO - å†™å…¥å®Œæˆï¼Œç»“æŸè·å–èˆªç­æ•°æ®
2024-05-09 13:15:20,838 - INFO - å¼€å§‹è·å–èˆªç­æ•°æ®
2024-05-09 13:15:20,838 - INFO - æ­£åœ¨å‘é€è¯·æ±‚
2024-05-09 13:15:21,937 - INFO - çŠ¶æ€ç : 200
2024-05-09 13:15:21,937 - INFO - è¯·æ±‚æˆåŠŸï¼Œæ­£åœ¨å†™å…¥å“åº”åˆ°æ–‡ä»¶
2024-05-09 13:15:21,939 - INFO - è¯·æ±‚ä¸‹ä¸€é¡µï¼Œç»§ç»­è·å–èˆªç­æ•°æ®
2024-05-09 13:15:21,939 - INFO - å¼€å§‹è·å–èˆªç­æ•°æ®
2024-05-09 13:15:21,939 - INFO - æ­£åœ¨å‘é€è¯·æ±‚
2024-05-09 13:15:23,833 - INFO - çŠ¶æ€ç : 200
2024-05-09 13:15:23,833 - INFO - è¯·æ±‚æˆåŠŸï¼Œæ­£åœ¨å†™å…¥å“åº”åˆ°æ–‡ä»¶
2024-05-09 13:15:23,834 - INFO - è¯·æ±‚ä¸‹ä¸€é¡µï¼Œç»§ç»­è·å–èˆªç­æ•°æ®
2024-05-09 13:15:23,834 - INFO - å¼€å§‹è·å–èˆªç­æ•°æ®
2024-05-09 13:15:23,834 - INFO - æ­£åœ¨å‘é€è¯·æ±‚
2024-05-09 13:15:25,622 - INFO - çŠ¶æ€ç : 200
2024-05-09 13:15:25,622 - INFO - è¯·æ±‚æˆåŠŸï¼Œæ­£åœ¨å†™å…¥å“åº”åˆ°æ–‡ä»¶
2024-05-09 13:15:25,624 - INFO - è¯·æ±‚ä¸‹ä¸€é¡µï¼Œç»§ç»­è·å–èˆªç­æ•°æ®
2024-05-09 13:15:25,624 - INFO - å¼€å§‹è·å–èˆªç­æ•°æ®
2024-05-09 13:15:25,624 - INFO - æ­£åœ¨å‘é€è¯·æ±‚
2024-05-09 13:15:27,485 - INFO - çŠ¶æ€ç : 200
2024-05-09 13:15:27,485 - INFO - è¯·æ±‚æˆåŠŸï¼Œæ­£åœ¨å†™å…¥å“åº”åˆ°æ–‡ä»¶
2024-05-09 13:15:27,509 - INFO - è¯·æ±‚ä¸‹ä¸€é¡µï¼Œç»§ç»­è·å–èˆªç­æ•°æ®
2024-05-09 13:15:27,509 - INFO - å¼€å§‹è·å–èˆªç­æ•°æ®
2024-05-09 13:15:27,509 - INFO - æ­£åœ¨å‘é€è¯·æ±‚
2024-05-09 13:15:28,575 - INFO - çŠ¶æ€ç : 200
2024-05-09 13:15:28,575 - INFO - è¯·æ±‚æˆåŠŸï¼Œæ­£åœ¨å†™å…¥å“åº”åˆ°æ–‡ä»¶
2024-05-09 13:15:28,576 - INFO - å†™å…¥å®Œæˆï¼Œç»“æŸè·å–èˆªç­æ•°æ®
2024-05-09 13:15:29,269 - ERROR - Exception on /input_airport_code [POST]
Traceback (most recent call last):
  File "C:\Users\EddieChen\AppData\Local\Programs\Python\Python311\Lib\site-packages\flask\app.py", line 1463, in wsgi_app
    response = self.full_dispatch_request()
               ^^^^^^^^^^^^^^^^^^^^^^^^^^^^
  File "C:\Users\EddieChen\AppData\Local\Programs\Python\Python311\Lib\site-packages\flask\app.py", line 872, in full_dispatch_request
    rv = self.handle_user_exception(e)
         ^^^^^^^^^^^^^^^^^^^^^^^^^^^^^
  File "C:\Users\EddieChen\AppData\Local\Programs\Python\Python311\Lib\site-packages\flask\app.py", line 870, in full_dispatch_request
    rv = self.dispatch_request()
         ^^^^^^^^^^^^^^^^^^^^^^^
  File "C:\Users\EddieChen\AppData\Local\Programs\Python\Python311\Lib\site-packages\flask\app.py", line 855, in dispatch_request
    return self.ensure_sync(self.view_functions[rule.endpoint])(**view_args)  # type: ignore[no-any-return]
           ^^^^^^^^^^^^^^^^^^^^^^^^^^^^^^^^^^^^^^^^^^^^^^^^^^^^^^^^^^^^^^^^^
  File "C:\Users\EddieChen\Documents\works\clear workspace\FR24\fr24_getser.py", line 55, in input_airport_code
    return get_flights(airport_code,output_filename)
           ^^^^^^^^^^^^^^^^^^^^^^^^^^^^^^^^^^^^^^^^^
  File "C:\Users\EddieChen\Documents\works\clear workspace\FR24\fr24_getser.py", line 74, in get_flights
    return send_file(f'{file_path}\\datas\\{apcode}\\{output_filename}', as_attachment=True)
           ^^^^^^^^^^^^^^^^^^^^^^^^^^^^^^^^^^^^^^^^^^^^^^^^^^^^^^^^^^^^^^^^^^^^^^^^^^^^^^^^^
  File "C:\Users\EddieChen\AppData\Local\Programs\Python\Python311\Lib\site-packages\flask\helpers.py", line 499, in send_file
    return werkzeug.utils.send_file(  # type: ignore[return-value]
           ^^^^^^^^^^^^^^^^^^^^^^^^^^^^^^^^^^^^^^^^^^^^^^^^^^^^^^^
  File "C:\Users\EddieChen\AppData\Local\Programs\Python\Python311\Lib\site-packages\werkzeug\utils.py", line 427, in send_file
    stat = os.stat(path)
           ^^^^^^^^^^^^^
FileNotFoundError: [WinError 2] ç³»ç»Ÿæ‰¾ä¸åˆ°æŒ‡å®šçš„æ–‡ä»¶ã€‚: 'C:\\Users\\EddieChen\\Documents\\works\\clear workspace\\FR24\\datas\\XMN\\XMN_2024-05-09 13.15.07.xlsx'
2024-05-09 13:15:29,272 - INFO - 192.168.43.170 - - [09/May/2024 13:15:29] "[35m[1mPOST /input_airport_code HTTP/1.1[0m" 500 -
2024-05-09 13:17:33,708 - INFO - [31m[1mWARNING: This is a development server. Do not use it in a production deployment. Use a production WSGI server instead.[0m
 * Running on all addresses (0.0.0.0)
 * Running on http://127.0.0.1:1145
 * Running on http://192.168.43.170:1145
2024-05-09 13:17:33,708 - INFO - [33mPress CTRL+C to quit[0m
2024-05-09 13:17:33,803 - INFO - 192.168.43.170 - - [09/May/2024 13:17:33] "GET / HTTP/1.1" 200 -
2024-05-09 13:17:34,045 - INFO - 192.168.43.170 - - [09/May/2024 13:17:34] "[36mGET /static/js/main.js HTTP/1.1[0m" 304 -
2024-05-09 13:17:36,140 - INFO - å¼€å§‹è·å–èˆªç­æ•°æ®
2024-05-09 13:17:36,141 - INFO - æ­£åœ¨å‘é€è¯·æ±‚
2024-05-09 13:17:37,170 - INFO - çŠ¶æ€ç : 200
2024-05-09 13:17:37,170 - INFO - è¯·æ±‚æˆåŠŸï¼Œæ­£åœ¨å†™å…¥å“åº”åˆ°æ–‡ä»¶
2024-05-09 13:17:37,172 - INFO - è¯·æ±‚ä¸‹ä¸€é¡µï¼Œç»§ç»­è·å–èˆªç­æ•°æ®
2024-05-09 13:17:37,172 - INFO - å¼€å§‹è·å–èˆªç­æ•°æ®
2024-05-09 13:17:37,172 - INFO - æ­£åœ¨å‘é€è¯·æ±‚
2024-05-09 13:17:39,030 - INFO - çŠ¶æ€ç : 200
2024-05-09 13:17:39,030 - INFO - è¯·æ±‚æˆåŠŸï¼Œæ­£åœ¨å†™å…¥å“åº”åˆ°æ–‡ä»¶
2024-05-09 13:17:39,032 - INFO - è¯·æ±‚ä¸‹ä¸€é¡µï¼Œç»§ç»­è·å–èˆªç­æ•°æ®
2024-05-09 13:17:39,032 - INFO - å¼€å§‹è·å–èˆªç­æ•°æ®
2024-05-09 13:17:39,032 - INFO - æ­£åœ¨å‘é€è¯·æ±‚
2024-05-09 13:17:40,099 - INFO - çŠ¶æ€ç : 200
2024-05-09 13:17:40,099 - INFO - è¯·æ±‚æˆåŠŸï¼Œæ­£åœ¨å†™å…¥å“åº”åˆ°æ–‡ä»¶
2024-05-09 13:17:40,101 - INFO - è¯·æ±‚ä¸‹ä¸€é¡µï¼Œç»§ç»­è·å–èˆªç­æ•°æ®
2024-05-09 13:17:40,101 - INFO - å¼€å§‹è·å–èˆªç­æ•°æ®
2024-05-09 13:17:40,101 - INFO - æ­£åœ¨å‘é€è¯·æ±‚
2024-05-09 13:17:41,954 - INFO - çŠ¶æ€ç : 200
2024-05-09 13:17:41,954 - INFO - è¯·æ±‚æˆåŠŸï¼Œæ­£åœ¨å†™å…¥å“åº”åˆ°æ–‡ä»¶
2024-05-09 13:17:41,956 - INFO - è¯·æ±‚ä¸‹ä¸€é¡µï¼Œç»§ç»­è·å–èˆªç­æ•°æ®
2024-05-09 13:17:41,956 - INFO - å¼€å§‹è·å–èˆªç­æ•°æ®
2024-05-09 13:17:41,956 - INFO - æ­£åœ¨å‘é€è¯·æ±‚
2024-05-09 13:17:42,863 - INFO - çŠ¶æ€ç : 200
2024-05-09 13:17:42,863 - INFO - è¯·æ±‚æˆåŠŸï¼Œæ­£åœ¨å†™å…¥å“åº”åˆ°æ–‡ä»¶
2024-05-09 13:17:42,863 - INFO - å†™å…¥å®Œæˆï¼Œç»“æŸè·å–èˆªç­æ•°æ®
2024-05-09 13:17:43,676 - INFO - å¼€å§‹è·å–èˆªç­æ•°æ®
2024-05-09 13:17:43,676 - INFO - æ­£åœ¨å‘é€è¯·æ±‚
2024-05-09 13:17:44,694 - INFO - çŠ¶æ€ç : 200
2024-05-09 13:17:44,694 - INFO - è¯·æ±‚æˆåŠŸï¼Œæ­£åœ¨å†™å…¥å“åº”åˆ°æ–‡ä»¶
2024-05-09 13:17:44,696 - INFO - è¯·æ±‚ä¸‹ä¸€é¡µï¼Œç»§ç»­è·å–èˆªç­æ•°æ®
2024-05-09 13:17:44,696 - INFO - å¼€å§‹è·å–èˆªç­æ•°æ®
2024-05-09 13:17:44,697 - INFO - æ­£åœ¨å‘é€è¯·æ±‚
2024-05-09 13:17:46,549 - INFO - çŠ¶æ€ç : 200
2024-05-09 13:17:46,549 - INFO - è¯·æ±‚æˆåŠŸï¼Œæ­£åœ¨å†™å…¥å“åº”åˆ°æ–‡ä»¶
2024-05-09 13:17:46,551 - INFO - è¯·æ±‚ä¸‹ä¸€é¡µï¼Œç»§ç»­è·å–èˆªç­æ•°æ®
2024-05-09 13:17:46,551 - INFO - å¼€å§‹è·å–èˆªç­æ•°æ®
2024-05-09 13:17:46,552 - INFO - æ­£åœ¨å‘é€è¯·æ±‚
2024-05-09 13:17:48,469 - INFO - çŠ¶æ€ç : 200
2024-05-09 13:17:48,469 - INFO - è¯·æ±‚æˆåŠŸï¼Œæ­£åœ¨å†™å…¥å“åº”åˆ°æ–‡ä»¶
2024-05-09 13:17:48,470 - INFO - è¯·æ±‚ä¸‹ä¸€é¡µï¼Œç»§ç»­è·å–èˆªç­æ•°æ®
2024-05-09 13:17:48,470 - INFO - å¼€å§‹è·å–èˆªç­æ•°æ®
2024-05-09 13:17:48,470 - INFO - æ­£åœ¨å‘é€è¯·æ±‚
2024-05-09 13:17:50,453 - INFO - çŠ¶æ€ç : 200
2024-05-09 13:17:50,453 - INFO - è¯·æ±‚æˆåŠŸï¼Œæ­£åœ¨å†™å…¥å“åº”åˆ°æ–‡ä»¶
2024-05-09 13:17:50,479 - INFO - è¯·æ±‚ä¸‹ä¸€é¡µï¼Œç»§ç»­è·å–èˆªç­æ•°æ®
2024-05-09 13:17:50,480 - INFO - å¼€å§‹è·å–èˆªç­æ•°æ®
2024-05-09 13:17:50,480 - INFO - æ­£åœ¨å‘é€è¯·æ±‚
2024-05-09 13:17:51,474 - INFO - çŠ¶æ€ç : 200
2024-05-09 13:17:51,474 - INFO - è¯·æ±‚æˆåŠŸï¼Œæ­£åœ¨å†™å…¥å“åº”åˆ°æ–‡ä»¶
2024-05-09 13:17:51,475 - INFO - å†™å…¥å®Œæˆï¼Œç»“æŸè·å–èˆªç­æ•°æ®
2024-05-09 13:17:52,135 - ERROR - Exception on /input_airport_code [POST]
Traceback (most recent call last):
  File "C:\Users\EddieChen\AppData\Local\Programs\Python\Python311\Lib\site-packages\flask\app.py", line 1463, in wsgi_app
    response = self.full_dispatch_request()
               ^^^^^^^^^^^^^^^^^^^^^^^^^^^^
  File "C:\Users\EddieChen\AppData\Local\Programs\Python\Python311\Lib\site-packages\flask\app.py", line 872, in full_dispatch_request
    rv = self.handle_user_exception(e)
         ^^^^^^^^^^^^^^^^^^^^^^^^^^^^^
  File "C:\Users\EddieChen\AppData\Local\Programs\Python\Python311\Lib\site-packages\flask\app.py", line 870, in full_dispatch_request
    rv = self.dispatch_request()
         ^^^^^^^^^^^^^^^^^^^^^^^
  File "C:\Users\EddieChen\AppData\Local\Programs\Python\Python311\Lib\site-packages\flask\app.py", line 855, in dispatch_request
    return self.ensure_sync(self.view_functions[rule.endpoint])(**view_args)  # type: ignore[no-any-return]
           ^^^^^^^^^^^^^^^^^^^^^^^^^^^^^^^^^^^^^^^^^^^^^^^^^^^^^^^^^^^^^^^^^
  File "C:\Users\EddieChen\Documents\works\clear workspace\FR24\fr24_getser.py", line 55, in input_airport_code
    return get_flights(airport_code,output_filename)
           ^^^^^^^^^^^^^^^^^^^^^^^^^^^^^^^^^^^^^^^^^
  File "C:\Users\EddieChen\Documents\works\clear workspace\FR24\fr24_getser.py", line 74, in get_flights
    return send_file(f'{final_path}', as_attachment=True)
           ^^^^^^^^^^^^^^^^^^^^^^^^^^^^^^^^^^^^^^^^^^^^^^
  File "C:\Users\EddieChen\AppData\Local\Programs\Python\Python311\Lib\site-packages\flask\helpers.py", line 499, in send_file
    return werkzeug.utils.send_file(  # type: ignore[return-value]
           ^^^^^^^^^^^^^^^^^^^^^^^^^^^^^^^^^^^^^^^^^^^^^^^^^^^^^^^
  File "C:\Users\EddieChen\AppData\Local\Programs\Python\Python311\Lib\site-packages\werkzeug\utils.py", line 479, in send_file
    file = open(path, "rb")  # type: ignore
           ^^^^^^^^^^^^^^^^
PermissionError: [Errno 13] Permission denied: 'C:\\Users\\EddieChen\\Documents\\works\\clear workspace\\FR24'
2024-05-09 13:17:52,138 - INFO - 192.168.43.170 - - [09/May/2024 13:17:52] "[35m[1mPOST /input_airport_code HTTP/1.1[0m" 500 -
2024-05-09 13:18:13,329 - INFO - 192.168.43.170 - - [09/May/2024 13:18:13] "GET / HTTP/1.1" 200 -
2024-05-09 13:18:13,380 - INFO - 192.168.43.170 - - [09/May/2024 13:18:13] "[36mGET /static/js/main.js HTTP/1.1[0m" 304 -
2024-05-09 13:18:21,484 - INFO - [31m[1mWARNING: This is a development server. Do not use it in a production deployment. Use a production WSGI server instead.[0m
 * Running on all addresses (0.0.0.0)
 * Running on http://127.0.0.1:1145
 * Running on http://192.168.43.170:1145
2024-05-09 13:18:21,484 - INFO - [33mPress CTRL+C to quit[0m
2024-05-09 13:18:21,489 - INFO -  * Restarting with stat
2024-05-09 13:18:23,707 - WARNING -  * Debugger is active!
2024-05-09 13:18:23,721 - INFO -  * Debugger PIN: 141-754-781
2024-05-09 13:20:12,265 - INFO -  * Detected change in 'C:\\Users\\EddieChen\\Documents\\works\\clear workspace\\FR24\\fr24_getser.py', reloading
2024-05-09 13:20:15,112 - INFO -  * Restarting with stat
2024-05-09 13:21:17,276 - INFO - [31m[1mWARNING: This is a development server. Do not use it in a production deployment. Use a production WSGI server instead.[0m
 * Running on all addresses (0.0.0.0)
 * Running on http://127.0.0.1:1145
 * Running on http://192.168.43.170:1145
2024-05-09 13:21:17,276 - INFO - [33mPress CTRL+C to quit[0m
2024-05-09 13:21:17,279 - INFO -  * Restarting with stat
2024-05-09 13:21:19,561 - WARNING -  * Debugger is active!
2024-05-09 13:21:19,573 - INFO -  * Debugger PIN: 141-754-781
2024-05-09 13:21:19,636 - INFO - 192.168.43.170 - - [09/May/2024 13:21:19] "GET / HTTP/1.1" 200 -
2024-05-09 13:21:19,690 - INFO - 192.168.43.170 - - [09/May/2024 13:21:19] "[36mGET /static/js/main.js HTTP/1.1[0m" 304 -
2024-05-09 13:21:22,079 - INFO - å¼€å§‹è·å–èˆªç­æ•°æ®
2024-05-09 13:21:22,079 - INFO - æ­£åœ¨å‘é€è¯·æ±‚
2024-05-09 13:21:23,197 - INFO - çŠ¶æ€ç : 200
2024-05-09 13:21:23,197 - INFO - è¯·æ±‚æˆåŠŸï¼Œæ­£åœ¨å†™å…¥å“åº”åˆ°æ–‡ä»¶
2024-05-09 13:21:23,199 - INFO - è¯·æ±‚ä¸‹ä¸€é¡µï¼Œç»§ç»­è·å–èˆªç­æ•°æ®
2024-05-09 13:21:23,200 - INFO - å¼€å§‹è·å–èˆªç­æ•°æ®
2024-05-09 13:21:23,200 - INFO - æ­£åœ¨å‘é€è¯·æ±‚
2024-05-09 13:21:25,079 - INFO - çŠ¶æ€ç : 200
2024-05-09 13:21:25,079 - INFO - è¯·æ±‚æˆåŠŸï¼Œæ­£åœ¨å†™å…¥å“åº”åˆ°æ–‡ä»¶
2024-05-09 13:21:25,082 - INFO - è¯·æ±‚ä¸‹ä¸€é¡µï¼Œç»§ç»­è·å–èˆªç­æ•°æ®
2024-05-09 13:21:25,082 - INFO - å¼€å§‹è·å–èˆªç­æ•°æ®
2024-05-09 13:21:25,082 - INFO - æ­£åœ¨å‘é€è¯·æ±‚
2024-05-09 13:21:27,065 - INFO - çŠ¶æ€ç : 200
2024-05-09 13:21:27,065 - INFO - è¯·æ±‚æˆåŠŸï¼Œæ­£åœ¨å†™å…¥å“åº”åˆ°æ–‡ä»¶
2024-05-09 13:21:27,066 - INFO - è¯·æ±‚ä¸‹ä¸€é¡µï¼Œç»§ç»­è·å–èˆªç­æ•°æ®
2024-05-09 13:21:27,067 - INFO - å¼€å§‹è·å–èˆªç­æ•°æ®
2024-05-09 13:21:27,067 - INFO - æ­£åœ¨å‘é€è¯·æ±‚
2024-05-09 13:21:30,096 - INFO - çŠ¶æ€ç : 200
2024-05-09 13:21:30,096 - INFO - è¯·æ±‚æˆåŠŸï¼Œæ­£åœ¨å†™å…¥å“åº”åˆ°æ–‡ä»¶
2024-05-09 13:21:30,097 - INFO - è¯·æ±‚ä¸‹ä¸€é¡µï¼Œç»§ç»­è·å–èˆªç­æ•°æ®
2024-05-09 13:21:30,098 - INFO - å¼€å§‹è·å–èˆªç­æ•°æ®
2024-05-09 13:21:30,098 - INFO - æ­£åœ¨å‘é€è¯·æ±‚
2024-05-09 13:21:32,116 - INFO - çŠ¶æ€ç : 200
2024-05-09 13:21:32,116 - INFO - è¯·æ±‚æˆåŠŸï¼Œæ­£åœ¨å†™å…¥å“åº”åˆ°æ–‡ä»¶
2024-05-09 13:21:32,116 - INFO - å†™å…¥å®Œæˆï¼Œç»“æŸè·å–èˆªç­æ•°æ®
2024-05-09 13:21:32,558 - INFO - å¼€å§‹è·å–èˆªç­æ•°æ®
2024-05-09 13:21:32,559 - INFO - æ­£åœ¨å‘é€è¯·æ±‚
2024-05-09 13:21:33,694 - INFO - çŠ¶æ€ç : 200
2024-05-09 13:21:33,694 - INFO - è¯·æ±‚æˆåŠŸï¼Œæ­£åœ¨å†™å…¥å“åº”åˆ°æ–‡ä»¶
2024-05-09 13:21:33,696 - INFO - è¯·æ±‚ä¸‹ä¸€é¡µï¼Œç»§ç»­è·å–èˆªç­æ•°æ®
2024-05-09 13:21:33,696 - INFO - å¼€å§‹è·å–èˆªç­æ•°æ®
2024-05-09 13:21:33,696 - INFO - æ­£åœ¨å‘é€è¯·æ±‚
2024-05-09 13:21:34,730 - INFO - çŠ¶æ€ç : 200
2024-05-09 13:21:34,730 - INFO - è¯·æ±‚æˆåŠŸï¼Œæ­£åœ¨å†™å…¥å“åº”åˆ°æ–‡ä»¶
2024-05-09 13:21:34,731 - INFO - è¯·æ±‚ä¸‹ä¸€é¡µï¼Œç»§ç»­è·å–èˆªç­æ•°æ®
2024-05-09 13:21:34,731 - INFO - å¼€å§‹è·å–èˆªç­æ•°æ®
2024-05-09 13:21:34,732 - INFO - æ­£åœ¨å‘é€è¯·æ±‚
2024-05-09 13:21:36,546 - INFO - çŠ¶æ€ç : 200
2024-05-09 13:21:36,547 - INFO - è¯·æ±‚æˆåŠŸï¼Œæ­£åœ¨å†™å…¥å“åº”åˆ°æ–‡ä»¶
2024-05-09 13:21:36,569 - INFO - è¯·æ±‚ä¸‹ä¸€é¡µï¼Œç»§ç»­è·å–èˆªç­æ•°æ®
2024-05-09 13:21:36,569 - INFO - å¼€å§‹è·å–èˆªç­æ•°æ®
2024-05-09 13:21:36,569 - INFO - æ­£åœ¨å‘é€è¯·æ±‚
2024-05-09 13:21:38,555 - INFO - çŠ¶æ€ç : 200
2024-05-09 13:21:38,555 - INFO - è¯·æ±‚æˆåŠŸï¼Œæ­£åœ¨å†™å…¥å“åº”åˆ°æ–‡ä»¶
2024-05-09 13:21:38,557 - INFO - è¯·æ±‚ä¸‹ä¸€é¡µï¼Œç»§ç»­è·å–èˆªç­æ•°æ®
2024-05-09 13:21:38,557 - INFO - å¼€å§‹è·å–èˆªç­æ•°æ®
2024-05-09 13:21:38,557 - INFO - æ­£åœ¨å‘é€è¯·æ±‚
2024-05-09 13:21:39,608 - INFO - çŠ¶æ€ç : 200
2024-05-09 13:21:39,608 - INFO - è¯·æ±‚æˆåŠŸï¼Œæ­£åœ¨å†™å…¥å“åº”åˆ°æ–‡ä»¶
2024-05-09 13:21:39,608 - INFO - å†™å…¥å®Œæˆï¼Œç»“æŸè·å–èˆªç­æ•°æ®
2024-05-09 13:21:40,289 - INFO - 192.168.43.170 - - [09/May/2024 13:21:40] "POST /input_airport_code HTTP/1.1" 200 -
